#
# There is insufficient memory for the Java Runtime Environment to continue.
# Native memory allocation (malloc) failed to allocate 2307696 bytes for Chunk::new
# Possible reasons:
#   The system is out of physical RAM or swap space
#   In 32 bit mode, the process size limit was hit
# Possible solutions:
#   Reduce memory load on the system
#   Increase physical memory or swap space
#   Check if swap backing store is full
#   Use 64 bit Java on a 64 bit OS
#   Decrease Java heap size (-Xmx/-Xms)
#   Decrease number of Java threads
#   Decrease Java thread stack sizes (-Xss)
#   Set larger code cache with -XX:ReservedCodeCacheSize=
# This output file may be truncated or incomplete.
#
#  Out of Memory Error (allocation.cpp:390), pid=22416, tid=0x0000000000001008
#
# JRE version: OpenJDK Runtime Environment (8.0_152-b02) (build 1.8.0_152-release-1024-b02)
# Java VM: OpenJDK 64-Bit Server VM (25.152-b02 mixed mode windows-amd64 compressed oops)
# Failed to write core dump. Minidumps are not enabled by default on client versions of Windows
#

---------------  T H R E A D  ---------------

Current thread (0x000000001a651000):  JavaThread "C2 CompilerThread1" daemon [_thread_in_native, id=4104, stack(0x000000001b010000,0x000000001b110000)]

Stack: [0x000000001b010000,0x000000001b110000]
[error occurred during error reporting (printing stack bounds), id 0xc0000005]

Native frames: (J=compiled Java code, j=interpreted, Vv=VM code, C=native code)


Current CompileTask:
C2:   4055 1319       4       java.net.URLClassLoader$1::run (5 bytes)


---------------  P R O C E S S  ---------------

Java Threads: ( => current thread )
  0x000000001e6bd000 JavaThread "Cache worker for file hash cache (C:\Users\Dell\AndroidStudioProjects\NavigationDrawer\.gradle\4.4\fileHashes)" [_thread_blocked, id=40152, stack(0x000000001f4c0000,0x000000001f5c0000)]
  0x000000001c864000 JavaThread "File lock request listener" [_thread_in_native, id=35480, stack(0x000000001e3f0000,0x000000001e4f0000)]
  0x000000001ca78000 JavaThread "Cache worker for file hash cache (C:\Users\Dell\.gradle\caches\4.4\fileHashes)" [_thread_blocked, id=45744, stack(0x000000001e2f0000,0x000000001e3f0000)]
  0x000000001c741000 JavaThread "Stdin handler" [_thread_blocked, id=49736, stack(0x000000001dff0000,0x000000001e0f0000)]
  0x000000001c735800 JavaThread "Asynchronous log dispatcher for DefaultDaemonConnection: socket connection from /127.0.0.1:54740 to /127.0.0.1:54741" [_thread_blocked, id=21932, stack(0x000000001ddf0000,0x000000001def0000)]
  0x000000001c74a800 JavaThread "Daemon worker" [_thread_in_vm, id=43240, stack(0x000000001dcf0000,0x000000001ddf0000)]
  0x000000001c74a000 JavaThread "Cancel handler" [_thread_blocked, id=34300, stack(0x000000001dbf0000,0x000000001dcf0000)]
  0x000000001c6ac000 JavaThread "Handler for socket connection from /127.0.0.1:54740 to /127.0.0.1:54741" [_thread_in_native, id=48496, stack(0x000000001d8f0000,0x000000001d9f0000)]
  0x000000001c6ab800 JavaThread "Daemon" [_thread_blocked, id=39692, stack(0x000000001d7f0000,0x000000001d8f0000)]
  0x000000001c605000 JavaThread "Daemon periodic checks" [_thread_blocked, id=2676, stack(0x000000001d6f0000,0x000000001d7f0000)]
  0x000000001c5fd800 JavaThread "Incoming local TCP Connector on port 54740" [_thread_in_native, id=29776, stack(0x000000001d220000,0x000000001d320000)]
  0x000000001a6de000 JavaThread "Service Thread" daemon [_thread_blocked, id=41260, stack(0x000000001b310000,0x000000001b410000)]
  0x000000001a658000 JavaThread "C1 CompilerThread3" daemon [_thread_blocked, id=37200, stack(0x000000001b210000,0x000000001b310000)]
  0x000000001a652800 JavaThread "C2 CompilerThread2" daemon [_thread_blocked, id=27936, stack(0x000000001b110000,0x000000001b210000)]
=>0x000000001a651000 JavaThread "C2 CompilerThread1" daemon [_thread_in_native, id=4104, stack(0x000000001b010000,0x000000001b110000)]
  0x000000001a64e000 JavaThread "C2 CompilerThread0" daemon [_thread_blocked, id=42584, stack(0x000000001af10000,0x000000001b010000)]
  0x000000001a64a800 JavaThread "Attach Listener" daemon [_thread_blocked, id=39712, stack(0x000000001ae10000,0x000000001af10000)]
  0x000000001a649800 JavaThread "Signal Dispatcher" daemon [_thread_blocked, id=27916, stack(0x000000001ad10000,0x000000001ae10000)]
  0x0000000004989800 JavaThread "Finalizer" daemon [_thread_blocked, id=21348, stack(0x000000001aa20000,0x000000001ab20000)]
  0x000000001874b800 JavaThread "Reference Handler" daemon [_thread_blocked, id=46212, stack(0x000000001a520000,0x000000001a620000)]
  0x0000000002f0d800 JavaThread "main" [_thread_blocked, id=51004, stack(0x0000000004760000,0x0000000004860000)]

Other Threads:
  0x0000000018747000 VMThread [stack: 0x000000001a420000,0x000000001a520000] [id=46280]
  0x000000001a6de800 WatcherThread [stack: 0x000000001b410000,0x000000001b510000] [id=50184]

VM state:not at safepoint (normal execution)

VM Mutex/Monitor currently owned by a thread: None

Heap:
 PSYoungGen      total 37888K, used 10638K [0x00000000e0000000, 0x00000000e2a00000, 0x0000000100000000)
  eden space 32768K, 16% used [0x00000000e0000000,0x00000000e0567ab0,0x00000000e2000000)
  from space 5120K, 99% used [0x00000000e2000000,0x00000000e24fc010,0x00000000e2500000)
  to   space 5120K, 0% used [0x00000000e2500000,0x00000000e2500000,0x00000000e2a00000)
 ParOldGen       total 86016K, used 2372K [0x00000000a0000000, 0x00000000a5400000, 0x00000000e0000000)
  object space 86016K, 2% used [0x00000000a0000000,0x00000000a02512d0,0x00000000a5400000)
 Metaspace       used 14794K, capacity 15158K, committed 15360K, reserved 1062912K
  class space    used 2079K, capacity 2187K, committed 2304K, reserved 1048576K

Card table byte_map: [0x0000000013d50000,0x0000000014060000] byte_map_base: 0x0000000013850000

Marking Bits: (ParMarkBitMap*) 0x0000000057a74970
 Begin Bits: [0x0000000014a60000, 0x0000000016260000)
 End Bits:   [0x0000000016260000, 0x0000000017a60000)

Polling page: 0x0000000002ef0000

CodeCache: size=245760Kb used=4778Kb max_used=4778Kb free=240981Kb
 bounds [0x0000000004990000, 0x0000000004e40000, 0x0000000013990000]
 total_blobs=1780 nmethods=1410 adapters=283
 compilation: enabled

Compilation events (10 events):
Event: 4.045 Thread 0x000000001a658000 1406       3       java.util.HashMap$EntryIterator::next (5 bytes)
Event: 4.046 Thread 0x000000001a658000 nmethod 1406 0x0000000004e383d0 code [0x0000000004e38540, 0x0000000004e38828]
Event: 4.046 Thread 0x000000001a658000 1407       3       java.util.HashMap$EntryIterator::next (5 bytes)
Event: 4.046 Thread 0x000000001a658000 nmethod 1407 0x0000000004e37fd0 code [0x0000000004e38140, 0x0000000004e38348]
Event: 4.046 Thread 0x000000001a658000 1408       3       sun.reflect.MethodAccessorImpl::<init> (5 bytes)
Event: 4.046 Thread 0x000000001a658000 nmethod 1408 0x0000000004e37b90 code [0x0000000004e37d00, 0x0000000004e37f10]
Event: 4.046 Thread 0x000000001a658000 1410       3       java.lang.reflect.Method::setMethodAccessor (21 bytes)
Event: 4.046 Thread 0x000000001a658000 nmethod 1410 0x0000000004e37550 code [0x0000000004e376c0, 0x0000000004e37a68]
Event: 4.046 Thread 0x000000001a658000 1409       1       java.lang.reflect.Method::getMethodAccessor (5 bytes)
Event: 4.046 Thread 0x000000001a658000 nmethod 1409 0x0000000004e37290 code [0x0000000004e373e0, 0x0000000004e374f0]

GC Heap History (6 events):
Event: 1.033 GC heap before
{Heap before GC invocations=1 (full 0):
 PSYoungGen      total 37888K, used 32768K [0x00000000e0000000, 0x00000000e2a00000, 0x0000000100000000)
  eden space 32768K, 100% used [0x00000000e0000000,0x00000000e2000000,0x00000000e2000000)
  from space 5120K, 0% used [0x00000000e2500000,0x00000000e2500000,0x00000000e2a00000)
  to   space 5120K, 0% used [0x00000000e2000000,0x00000000e2000000,0x00000000e2500000)
 ParOldGen       total 86016K, used 0K [0x00000000a0000000, 0x00000000a5400000, 0x00000000e0000000)
  object space 86016K, 0% used [0x00000000a0000000,0x00000000a0000000,0x00000000a5400000)
 Metaspace       used 6578K, capacity 6766K, committed 7040K, reserved 1056768K
  class space    used 804K, capacity 875K, committed 896K, reserved 1048576K
Event: 1.041 GC heap after
Heap after GC invocations=1 (full 0):
 PSYoungGen      total 37888K, used 4056K [0x00000000e0000000, 0x00000000e2a00000, 0x0000000100000000)
  eden space 32768K, 0% used [0x00000000e0000000,0x00000000e0000000,0x00000000e2000000)
  from space 5120K, 79% used [0x00000000e2000000,0x00000000e23f6058,0x00000000e2500000)
  to   space 5120K, 0% used [0x00000000e2500000,0x00000000e2500000,0x00000000e2a00000)
 ParOldGen       total 86016K, used 8K [0x00000000a0000000, 0x00000000a5400000, 0x00000000e0000000)
  object space 86016K, 0% used [0x00000000a0000000,0x00000000a0002000,0x00000000a5400000)
 Metaspace       used 6578K, capacity 6766K, committed 7040K, reserved 1056768K
  class space    used 804K, capacity 875K, committed 896K, reserved 1048576K
}
Event: 3.346 GC heap before
{Heap before GC invocations=2 (full 0):
 PSYoungGen      total 37888K, used 36824K [0x00000000e0000000, 0x00000000e2a00000, 0x0000000100000000)
  eden space 32768K, 100% used [0x00000000e0000000,0x00000000e2000000,0x00000000e2000000)
  from space 5120K, 79% used [0x00000000e2000000,0x00000000e23f6058,0x00000000e2500000)
  to   space 5120K, 0% used [0x00000000e2500000,0x00000000e2500000,0x00000000e2a00000)
 ParOldGen       total 86016K, used 8K [0x00000000a0000000, 0x00000000a5400000, 0x00000000e0000000)
  object space 86016K, 0% used [0x00000000a0000000,0x00000000a0002000,0x00000000a5400000)
 Metaspace       used 11266K, capacity 11550K, committed 11904K, reserved 1058816K
  class space    used 1498K, capacity 1593K, committed 1664K, reserved 1048576K
Event: 3.352 GC heap after
Heap after GC invocations=2 (full 0):
 PSYoungGen      total 37888K, used 5101K [0x00000000e0000000, 0x00000000e2a00000, 0x0000000100000000)
  eden space 32768K, 0% used [0x00000000e0000000,0x00000000e0000000,0x00000000e2000000)
  from space 5120K, 99% used [0x00000000e2500000,0x00000000e29fb778,0x00000000e2a00000)
  to   space 5120K, 0% used [0x00000000e2000000,0x00000000e2000000,0x00000000e2500000)
 ParOldGen       total 86016K, used 464K [0x00000000a0000000, 0x00000000a5400000, 0x00000000e0000000)
  object space 86016K, 0% used [0x00000000a0000000,0x00000000a00740e0,0x00000000a5400000)
 Metaspace       used 11266K, capacity 11550K, committed 11904K, reserved 1058816K
  class space    used 1498K, capacity 1593K, committed 1664K, reserved 1048576K
}
Event: 3.921 GC heap before
{Heap before GC invocations=3 (full 0):
 PSYoungGen      total 37888K, used 37869K [0x00000000e0000000, 0x00000000e2a00000, 0x0000000100000000)
  eden space 32768K, 100% used [0x00000000e0000000,0x00000000e2000000,0x00000000e2000000)
  from space 5120K, 99% used [0x00000000e2500000,0x00000000e29fb778,0x00000000e2a00000)
  to   space 5120K, 0% used [0x00000000e2000000,0x00000000e2000000,0x00000000e2500000)
 ParOldGen       total 86016K, used 464K [0x00000000a0000000, 0x00000000a5400000, 0x00000000e0000000)
  object space 86016K, 0% used [0x00000000a0000000,0x00000000a00740e0,0x00000000a5400000)
 Metaspace       used 14347K, capacity 14646K, committed 14720K, reserved 1062912K
  class space    used 2009K, capacity 2123K, committed 2176K, reserved 1048576K
Event: 3.928 GC heap after
Heap after GC invocations=3 (full 0):
 PSYoungGen      total 37888K, used 5104K [0x00000000e0000000, 0x00000000e2a00000, 0x0000000100000000)
  eden space 32768K, 0% used [0x00000000e0000000,0x00000000e0000000,0x00000000e2000000)
  from space 5120K, 99% used [0x00000000e2000000,0x00000000e24fc010,0x00000000e2500000)
  to   space 5120K, 0% used [0x00000000e2500000,0x00000000e2500000,0x00000000e2a00000)
 ParOldGen       total 86016K, used 2372K [0x00000000a0000000, 0x00000000a5400000, 0x00000000e0000000)
  object space 86016K, 2% used [0x00000000a0000000,0x00000000a02512d0,0x00000000a5400000)
 Metaspace       used 14347K, capacity 14646K, committed 14720K, reserved 1062912K
  class space    used 2009K, capacity 2123K, committed 2176K, reserved 1048576K
}

Deoptimization events (10 events):
Event: 1.719 Thread 0x0000000002f0d800 Uncommon trap: reason=unstable_if action=reinterpret pc=0x0000000004c5cddc method=java.io.WinNTFileSystem.normalize(Ljava/lang/String;)Ljava/lang/String; @ 128
Event: 1.719 Thread 0x0000000002f0d800 Uncommon trap: reason=unstable_if action=reinterpret pc=0x0000000004c9fad8 method=java.io.WinNTFileSystem.normalize(Ljava/lang/String;II)Ljava/lang/String; @ 90
Event: 3.367 Thread 0x000000001c6ac000 Uncommon trap: reason=unstable_if action=reinterpret pc=0x0000000004d15de0 method=java.util.concurrent.ConcurrentHashMap.putVal(Ljava/lang/Object;Ljava/lang/Object;Z)Ljava/lang/Object; @ 206
Event: 3.443 Thread 0x000000001c74a800 Uncommon trap: reason=bimorphic action=maybe_recompile pc=0x0000000004cafad4 method=java.util.HashMap.putVal(ILjava/lang/Object;Ljava/lang/Object;ZZ)Ljava/lang/Object; @ 253
Event: 3.443 Thread 0x000000001c74a800 Uncommon trap: reason=bimorphic action=maybe_recompile pc=0x0000000004cafad4 method=java.util.HashMap.putVal(ILjava/lang/Object;Ljava/lang/Object;ZZ)Ljava/lang/Object; @ 253
Event: 3.443 Thread 0x000000001c74a800 Uncommon trap: reason=bimorphic action=maybe_recompile pc=0x0000000004cafad4 method=java.util.HashMap.putVal(ILjava/lang/Object;Ljava/lang/Object;ZZ)Ljava/lang/Object; @ 253
Event: 3.458 Thread 0x000000001c74a800 Uncommon trap: reason=class_check action=maybe_recompile pc=0x0000000004c1f898 method=java.util.regex.Matcher.match(II)Z @ 86
Event: 3.742 Thread 0x000000001c74a800 Uncommon trap: reason=class_check action=maybe_recompile pc=0x0000000004c1f898 method=java.util.regex.Matcher.match(II)Z @ 86
Event: 3.742 Thread 0x000000001c74a800 Uncommon trap: reason=class_check action=maybe_recompile pc=0x0000000004bf285c method=java.util.regex.Matcher.match(II)Z @ 86
Event: 3.939 Thread 0x000000001c74a800 Uncommon trap: reason=unstable_if action=reinterpret pc=0x0000000004de1c34 method=java.lang.String.lastIndexOf([CII[CIII)I @ 66

Classes redefined (0 events):
No events

Internal exceptions (10 events):
Event: 3.385 Thread 0x000000001c6ac000 Exception <a 'java/lang/NoSuchMethodError': <clinit>> (0x00000000e00e50c8) thrown at [D:\src\AOSP-openjdk-cygwin\jdk8u\hotspot\src\share\vm\prims\jni.cpp, line 1613]
Event: 3.388 Thread 0x000000001c6ac000 Exception <a 'java/lang/NoSuchMethodError': <clinit>> (0x00000000e00fcbc8) thrown at [D:\src\AOSP-openjdk-cygwin\jdk8u\hotspot\src\share\vm\prims\jni.cpp, line 1613]
Event: 3.388 Thread 0x000000001c6ac000 Exception <a 'java/lang/NoSuchMethodError': <clinit>> (0x00000000e0105690) thrown at [D:\src\AOSP-openjdk-cygwin\jdk8u\hotspot\src\share\vm\prims\jni.cpp, line 1613]
Event: 3.390 Thread 0x000000001c6ac000 Exception <a 'java/lang/NoSuchMethodError': <clinit>> (0x00000000e0116cf8) thrown at [D:\src\AOSP-openjdk-cygwin\jdk8u\hotspot\src\share\vm\prims\jni.cpp, line 1613]
Event: 3.400 Thread 0x000000001c6ac000 Exception <a 'java/lang/NoSuchMethodError': <clinit>> (0x00000000e0184508) thrown at [D:\src\AOSP-openjdk-cygwin\jdk8u\hotspot\src\share\vm\prims\jni.cpp, line 1613]
Event: 3.403 Thread 0x000000001c6ac000 Exception <a 'java/lang/NoSuchMethodError': <clinit>> (0x00000000e01a7dd8) thrown at [D:\src\AOSP-openjdk-cygwin\jdk8u\hotspot\src\share\vm\prims\jni.cpp, line 1613]
Event: 3.407 Thread 0x000000001c6ac000 Exception <a 'java/lang/NoSuchMethodError': <clinit>> (0x00000000e01c2cf8) thrown at [D:\src\AOSP-openjdk-cygwin\jdk8u\hotspot\src\share\vm\prims\jni.cpp, line 1613]
Event: 3.409 Thread 0x000000001c6ac000 Exception <a 'java/lang/NoSuchMethodError': <clinit>> (0x00000000e01e4d78) thrown at [D:\src\AOSP-openjdk-cygwin\jdk8u\hotspot\src\share\vm\prims\jni.cpp, line 1613]
Event: 3.427 Thread 0x000000001c74a800 Exception <a 'java/lang/NoSuchMethodError': <clinit>> (0x00000000e0352a30) thrown at [D:\src\AOSP-openjdk-cygwin\jdk8u\hotspot\src\share\vm\prims\jni.cpp, line 1613]
Event: 3.427 Thread 0x000000001c74a800 Exception <a 'java/lang/NoSuchMethodError': <clinit>> (0x00000000e035acb8) thrown at [D:\src\AOSP-openjdk-cygwin\jdk8u\hotspot\src\share\vm\prims\jni.cpp, line 1613]

Events (10 events):
Event: 4.049 loading class groovy/lang/GroovyRuntimeException
Event: 4.049 loading class groovy/lang/GroovyRuntimeException done
Event: 4.050 loading class org/gradle/groovy/scripts/ScriptCompilationException
Event: 4.050 loading class org/gradle/groovy/scripts/ScriptCompilationException done
Event: 4.050 loading class org/gradle/api/GradleScriptException
Event: 4.050 loading class org/gradle/api/GradleScriptException done
Event: 4.050 loading class groovy/lang/GroovyClassLoader
Event: 4.050 loading class groovy/lang/GroovyClassLoader done
Event: 4.052 loading class org/gradle/groovy/scripts/internal/DefaultScriptCompilationHandler$1
Event: 4.052 loading class org/gradle/groovy/scripts/internal/DefaultScriptCompilationHandler$1 done


Dynamic libraries:
0x00007ff6be7a0000 - 0x00007ff6be7d1000 	C:\Program Files\Android\Android Studio\jre\bin\java.exe
0x00007ffafd010000 - 0x00007ffafd1f0000 	C:\Windows\SYSTEM32\ntdll.dll
0x00007ffafc060000 - 0x00007ffafc10e000 	C:\Windows\System32\KERNEL32.DLL
0x00007ffaf94f0000 - 0x00007ffaf9756000 	C:\Windows\System32\KERNELBASE.dll
0x00007ffafcb00000 - 0x00007ffafcba1000 	C:\Windows\System32\ADVAPI32.dll
0x00007ffafc170000 - 0x00007ffafc20d000 	C:\Windows\System32\msvcrt.dll
0x00007ffafc620000 - 0x00007ffafc67b000 	C:\Windows\System32\sechost.dll
0x00007ffafc680000 - 0x00007ffafc79f000 	C:\Windows\System32\RPCRT4.dll
0x00007ffafc8d0000 - 0x00007ffafca5f000 	C:\Windows\System32\USER32.dll
0x00007ffaf9760000 - 0x00007ffaf9780000 	C:\Windows\System32\win32u.dll
0x00007ffafbad0000 - 0x00007ffafbaf8000 	C:\Windows\System32\GDI32.dll
0x00007ffafa2f0000 - 0x00007ffafa483000 	C:\Windows\System32\gdi32full.dll
0x00007ffafa1a0000 - 0x00007ffafa23b000 	C:\Windows\System32\msvcp_win.dll
0x00007ffafa0a0000 - 0x00007ffafa195000 	C:\Windows\System32\ucrtbase.dll
0x00007ffaf13c0000 - 0x00007ffaf1629000 	C:\Windows\WinSxS\amd64_microsoft.windows.common-controls_6595b64144ccf1df_6.0.16299.547_none_15cdd76c936033f5\COMCTL32.dll
0x00007ffafccd0000 - 0x00007ffafcfd7000 	C:\Windows\System32\combase.dll
0x00007ffaf9470000 - 0x00007ffaf94e2000 	C:\Windows\System32\bcryptPrimitives.dll
0x00007ffafbbd0000 - 0x00007ffafbbfd000 	C:\Windows\System32\IMM32.DLL
0x0000000058fe0000 - 0x00000000590b2000 	C:\Program Files\Android\Android Studio\jre\jre\bin\msvcr100.dll
0x00000000572b0000 - 0x0000000057aef000 	C:\Program Files\Android\Android Studio\jre\jre\bin\server\jvm.dll
0x00007ffafc8c0000 - 0x00007ffafc8c8000 	C:\Windows\System32\PSAPI.DLL
0x00007ffaef0f0000 - 0x00007ffaef113000 	C:\Windows\SYSTEM32\WINMM.dll
0x00007ffaf2060000 - 0x00007ffaf206a000 	C:\Windows\SYSTEM32\VERSION.dll
0x00007ffaef050000 - 0x00007ffaef07a000 	C:\Windows\SYSTEM32\WINMMBASE.dll
0x00007ffaeebe0000 - 0x00007ffaeebe9000 	C:\Windows\SYSTEM32\WSOCK32.dll
0x00007ffafcc60000 - 0x00007ffafcccc000 	C:\Windows\System32\WS2_32.dll
0x00007ffafa490000 - 0x00007ffafa4da000 	C:\Windows\System32\cfgmgr32.dll
0x00007ffaf46f0000 - 0x00007ffaf46ff000 	C:\Program Files\Android\Android Studio\jre\jre\bin\verify.dll
0x00007ffaf20e0000 - 0x00007ffaf2109000 	C:\Program Files\Android\Android Studio\jre\jre\bin\java.dll
0x00007ffaec840000 - 0x00007ffaec856000 	C:\Program Files\Android\Android Studio\jre\jre\bin\zip.dll
0x00007ffafa690000 - 0x00007ffafbac8000 	C:\Windows\System32\SHELL32.dll
0x00007ffafcbb0000 - 0x00007ffafcc56000 	C:\Windows\System32\shcore.dll
0x00007ffaf9780000 - 0x00007ffaf9ec7000 	C:\Windows\System32\windows.storage.dll
0x00007ffafa630000 - 0x00007ffafa681000 	C:\Windows\System32\shlwapi.dll
0x00007ffaf93f0000 - 0x00007ffaf9401000 	C:\Windows\System32\kernel.appcore.dll
0x00007ffaf9360000 - 0x00007ffaf93ac000 	C:\Windows\System32\powrprof.dll
0x00007ffaf93d0000 - 0x00007ffaf93eb000 	C:\Windows\System32\profapi.dll
0x00007ffaec820000 - 0x00007ffaec83a000 	C:\Program Files\Android\Android Studio\jre\jre\bin\net.dll
0x00007ffaf8bf0000 - 0x00007ffaf8c56000 	C:\Windows\system32\mswsock.dll
0x00007ffae30b0000 - 0x00007ffae30c1000 	C:\Program Files\Android\Android Studio\jre\jre\bin\nio.dll
0x00007ffae04f0000 - 0x00007ffae050e000 	C:\Users\Dell\.gradle\native\25\windows-amd64\native-platform.dll
0x00007ffaf4500000 - 0x00007ffaf450d000 	C:\Program Files\Android\Android Studio\jre\jre\bin\management.dll
0x00007ffaf8db0000 - 0x00007ffaf8dc7000 	C:\Windows\SYSTEM32\CRYPTSP.dll
0x00007ffaf87f0000 - 0x00007ffaf8823000 	C:\Windows\system32\rsaenh.dll
0x00007ffaf8ec0000 - 0x00007ffaf8ee5000 	C:\Windows\SYSTEM32\bcrypt.dll
0x00007ffaf9260000 - 0x00007ffaf9289000 	C:\Windows\SYSTEM32\USERENV.dll
0x00007ffaf8dd0000 - 0x00007ffaf8ddb000 	C:\Windows\SYSTEM32\CRYPTBASE.dll
0x00007ffaf8980000 - 0x00007ffaf89b9000 	C:\Windows\SYSTEM32\IPHLPAPI.DLL
0x00007ffafc050000 - 0x00007ffafc058000 	C:\Windows\System32\NSI.dll
0x00007ffaf39e0000 - 0x00007ffaf39f6000 	C:\Windows\SYSTEM32\dhcpcsvc6.DLL
0x00007ffaf4320000 - 0x00007ffaf433a000 	C:\Windows\SYSTEM32\dhcpcsvc.DLL

VM Arguments:
jvm_args: -Xmx1536m -Dfile.encoding=windows-1252 -Duser.country=US -Duser.language=en -Duser.variant 
java_command: org.gradle.launcher.daemon.bootstrap.GradleDaemon 4.4
java_class_path (initial): C:\Users\Dell\.gradle\wrapper\dists\gradle-4.4-all\9br9xq1tocpiv8o6njlyu5op1\gradle-4.4\lib\gradle-launcher-4.4.jar
Launcher Type: SUN_STANDARD

Environment Variables:
JAVA_HOME=C:\Program Files\Java\jdk-10.0.2
PATH=C:\Program Files (x86)\Common Files\Oracle\Java\javapath;C:\Windows\system32;C:\Windows;C:\Windows\System32\Wbem;C:\Windows\System32\WindowsPowerShell\v1.0\;C:\Program Files\Intel\WiFi\bin\;C:\Program Files\Common Files\Intel\WirelessCommon\;C:\Program Files (x86)\NVIDIA Corporation\PhysX\Common;C:\Users\Dell\AppData\Local\Microsoft\WindowsApps;
USERNAME=Dell
OS=Windows_NT
PROCESSOR_IDENTIFIER=Intel64 Family 6 Model 158 Stepping 9, GenuineIntel



---------------  S Y S T E M  ---------------

OS: Windows 10.0 , 64 bit Build 16299 (10.0.16299.431)

CPU:total 8 (initial active 8) (4 cores per cpu, 2 threads per core) family 6 model 158 stepping 9, cmov, cx8, fxsr, mmx, sse, sse2, sse3, ssse3, sse4.1, sse4.2, popcnt, avx, avx2, aes, clmul, erms, 3dnowpref, lzcnt, ht, tsc, tscinvbit, bmi1, bmi2, adx

Memory: 4k page, physical 8247248k(459572k free), swap 21848908k(4728k free)

vm_info: OpenJDK 64-Bit Server VM (25.152-b02) for windows-amd64 JRE (1.8.0_152-release-1024-b02), built by "builder" with MS VC++ 10.0 (VS2010)

time: Mon Sep 10 16:58:57 2018
elapsed time: 4 seconds (0d 0h 0m 4s)

